<?xml version="1.0" encoding="UTF-8"?>
<!-- Generated by org.testng.reporters.JUnitXMLReporter -->
<testsuite ignored="0" hostname="SAYEM" failures="0" tests="6" name="Test" time="43.159" errors="0" timestamp="2023-11-15T13:01:13 EST">
  <testcase classname="com.framework.level1.level2.testcases.LoginTest" name="verifyingSuccessfulLoginWithValidCredentials" time="2.678"/>
  <testcase classname="com.framework.level1.level2.testcases.ShoppingCartTest" name="shoppingCartTest" time="3.527"/>
  <testcase classname="com.framework.level1.level2.testcases.LunaSearchProductTest" name="testProductSearchAndNavigation" time="1.732"/>
  <testcase classname="com.framework.level1.level2.testcases.LumaRegisterTest" name="verifyRegisterAccountManadatoryFields" time="3.897"/>
  <testcase classname="com.framework.level1.level2.testcases.LumaCheckOutTest" name="verifyAddAProductToTheShoppingCartAndNavigateToCheckOutPage" time="16.579"/>
  <testcase classname="com.framework.level1.level2.testcases.LumaVerifyHomePageTest" name="verifyCertainElemetnsOnTheHomePage" time="0.734"/>
</testsuite> <!-- Test -->
