<?xml version="1.0" encoding="UTF-8"?>
<testng-results ignored="0" total="6" passed="6" failed="0" skipped="0">
  <reporter-output>
  </reporter-output>
  <suite started-at="2023-11-15T13:00:30 EST" name="Suite" finished-at="2023-11-15T13:01:13 EST" duration-ms="43159">
    <groups>
    </groups>
    <test started-at="2023-11-15T13:00:30 EST" name="Test" finished-at="2023-11-15T13:01:13 EST" duration-ms="43159">
      <class name="com.framework.level1.level2.testcases.LoginTest">
        <test-method is-config="true" signature="loginSetup()[pri:0, instance:com.framework.level1.level2.testcases.LoginTest@f09733f]" started-at="2023-11-15T13:00:30 EST" name="loginSetup" finished-at="2023-11-15T13:00:33 EST" duration-ms="3740" status="PASS">
          <reporter-output>
          </reporter-output>
        </test-method> <!-- loginSetup -->
        <test-method signature="verifyingSuccessfulLoginWithValidCredentials()[pri:1, instance:com.framework.level1.level2.testcases.LoginTest@f09733f]" started-at="2023-11-15T13:00:33 EST" name="verifyingSuccessfulLoginWithValidCredentials" finished-at="2023-11-15T13:00:36 EST" duration-ms="2678" status="PASS">
          <reporter-output>
          </reporter-output>
        </test-method> <!-- verifyingSuccessfulLoginWithValidCredentials -->
        <test-method is-config="true" signature="tearDown()[pri:0, instance:com.framework.level1.level2.testcases.LoginTest@f09733f]" started-at="2023-11-15T13:00:36 EST" name="tearDown" finished-at="2023-11-15T13:00:36 EST" duration-ms="112" status="PASS">
          <reporter-output>
          </reporter-output>
        </test-method> <!-- tearDown -->
      </class> <!-- com.framework.level1.level2.testcases.LoginTest -->
      <class name="com.framework.level1.level2.testcases.LumaRegisterTest">
        <test-method is-config="true" signature="registerSetUp()[pri:0, instance:com.framework.level1.level2.testcases.LumaRegisterTest@5d0bf09b]" started-at="2023-11-15T13:00:46 EST" name="registerSetUp" finished-at="2023-11-15T13:00:47 EST" duration-ms="1788" status="PASS">
          <reporter-output>
          </reporter-output>
        </test-method> <!-- registerSetUp -->
        <test-method signature="verifyRegisterAccountManadatoryFields()[pri:1, instance:com.framework.level1.level2.testcases.LumaRegisterTest@5d0bf09b]" started-at="2023-11-15T13:00:47 EST" name="verifyRegisterAccountManadatoryFields" finished-at="2023-11-15T13:00:51 EST" duration-ms="3897" status="PASS">
          <reporter-output>
          </reporter-output>
        </test-method> <!-- verifyRegisterAccountManadatoryFields -->
        <test-method is-config="true" signature="tearDown()[pri:0, instance:com.framework.level1.level2.testcases.LumaRegisterTest@5d0bf09b]" started-at="2023-11-15T13:00:51 EST" name="tearDown" finished-at="2023-11-15T13:00:51 EST" duration-ms="114" status="PASS">
          <reporter-output>
          </reporter-output>
        </test-method> <!-- tearDown -->
      </class> <!-- com.framework.level1.level2.testcases.LumaRegisterTest -->
      <class name="com.framework.level1.level2.testcases.LumaCheckOutTest">
        <test-method is-config="true" signature="checkoutSetUp()[pri:0, instance:com.framework.level1.level2.testcases.LumaCheckOutTest@793f29ff]" started-at="2023-11-15T13:00:51 EST" name="checkoutSetUp" finished-at="2023-11-15T13:00:53 EST" duration-ms="1824" status="PASS">
          <reporter-output>
          </reporter-output>
        </test-method> <!-- checkoutSetUp -->
        <test-method signature="verifyAddAProductToTheShoppingCartAndNavigateToCheckOutPage()[pri:1, instance:com.framework.level1.level2.testcases.LumaCheckOutTest@793f29ff]" started-at="2023-11-15T13:00:53 EST" name="verifyAddAProductToTheShoppingCartAndNavigateToCheckOutPage" finished-at="2023-11-15T13:01:10 EST" duration-ms="16579" status="PASS">
          <reporter-output>
          </reporter-output>
        </test-method> <!-- verifyAddAProductToTheShoppingCartAndNavigateToCheckOutPage -->
        <test-method is-config="true" signature="tearDown()[pri:0, instance:com.framework.level1.level2.testcases.LumaCheckOutTest@793f29ff]" started-at="2023-11-15T13:01:10 EST" name="tearDown" finished-at="2023-11-15T13:01:10 EST" duration-ms="148" status="PASS">
          <reporter-output>
          </reporter-output>
        </test-method> <!-- tearDown -->
      </class> <!-- com.framework.level1.level2.testcases.LumaCheckOutTest -->
      <class name="com.framework.level1.level2.testcases.LumaVerifyHomePageTest">
        <test-method is-config="true" signature="loginSetup()[pri:0, instance:com.framework.level1.level2.testcases.LumaVerifyHomePageTest@3e8c3cb]" started-at="2023-11-15T13:01:10 EST" name="loginSetup" finished-at="2023-11-15T13:01:12 EST" duration-ms="2021" status="PASS">
          <reporter-output>
          </reporter-output>
        </test-method> <!-- loginSetup -->
        <test-method signature="verifyCertainElemetnsOnTheHomePage()[pri:1, instance:com.framework.level1.level2.testcases.LumaVerifyHomePageTest@3e8c3cb]" started-at="2023-11-15T13:01:12 EST" name="verifyCertainElemetnsOnTheHomePage" finished-at="2023-11-15T13:01:13 EST" duration-ms="734" status="PASS">
          <reporter-output>
          </reporter-output>
        </test-method> <!-- verifyCertainElemetnsOnTheHomePage -->
        <test-method is-config="true" signature="tearDown()[pri:0, instance:com.framework.level1.level2.testcases.LumaVerifyHomePageTest@3e8c3cb]" started-at="2023-11-15T13:01:13 EST" name="tearDown" finished-at="2023-11-15T13:01:13 EST" duration-ms="164" status="PASS">
          <reporter-output>
          </reporter-output>
        </test-method> <!-- tearDown -->
      </class> <!-- com.framework.level1.level2.testcases.LumaVerifyHomePageTest -->
      <class name="com.framework.level1.level2.testcases.ShoppingCartTest">
        <test-method is-config="true" signature="shoppingCartSetUp()[pri:0, instance:com.framework.level1.level2.testcases.ShoppingCartTest@2af004b]" started-at="2023-11-15T13:00:36 EST" name="shoppingCartSetUp" finished-at="2023-11-15T13:00:38 EST" duration-ms="1915" status="PASS">
          <reporter-output>
          </reporter-output>
        </test-method> <!-- shoppingCartSetUp -->
        <test-method signature="shoppingCartTest()[pri:1, instance:com.framework.level1.level2.testcases.ShoppingCartTest@2af004b]" started-at="2023-11-15T13:00:38 EST" name="shoppingCartTest" finished-at="2023-11-15T13:00:42 EST" duration-ms="3527" status="PASS">
          <reporter-output>
          </reporter-output>
        </test-method> <!-- shoppingCartTest -->
        <test-method is-config="true" signature="closer()[pri:0, instance:com.framework.level1.level2.testcases.ShoppingCartTest@2af004b]" started-at="2023-11-15T13:00:42 EST" name="closer" finished-at="2023-11-15T13:00:42 EST" duration-ms="129" status="PASS">
          <reporter-output>
          </reporter-output>
        </test-method> <!-- closer -->
      </class> <!-- com.framework.level1.level2.testcases.ShoppingCartTest -->
      <class name="com.framework.level1.level2.testcases.LunaSearchProductTest">
        <test-method is-config="true" signature="lunaSearchProduct()[pri:0, instance:com.framework.level1.level2.testcases.LunaSearchProductTest@248e319b]" started-at="2023-11-15T13:00:42 EST" name="lunaSearchProduct" finished-at="2023-11-15T13:00:44 EST" duration-ms="1814" status="PASS">
          <reporter-output>
          </reporter-output>
        </test-method> <!-- lunaSearchProduct -->
        <test-method signature="testProductSearchAndNavigation()[pri:1, instance:com.framework.level1.level2.testcases.LunaSearchProductTest@248e319b]" started-at="2023-11-15T13:00:44 EST" name="testProductSearchAndNavigation" finished-at="2023-11-15T13:00:45 EST" duration-ms="1732" status="PASS">
          <reporter-output>
          </reporter-output>
        </test-method> <!-- testProductSearchAndNavigation -->
        <test-method is-config="true" signature="tearDown()[pri:0, instance:com.framework.level1.level2.testcases.LunaSearchProductTest@248e319b]" started-at="2023-11-15T13:00:45 EST" name="tearDown" finished-at="2023-11-15T13:00:46 EST" duration-ms="173" status="PASS">
          <reporter-output>
          </reporter-output>
        </test-method> <!-- tearDown -->
      </class> <!-- com.framework.level1.level2.testcases.LunaSearchProductTest -->
    </test> <!-- Test -->
  </suite> <!-- Suite -->
</testng-results>
